{"contracts/Lottery.sol":{"l":{"61":3,"62":3,"63":3,"64":3,"65":3,"66":3,"67":3,"68":3,"72":15,"73":14,"74":13,"75":13,"98":10,"99":10,"100":10,"101":10,"102":10,"109":6,"110":6,"111":1,"116":5,"119":5,"127":5,"134":1,"135":1,"136":1,"137":1,"138":1,"139":1,"141":1,"142":1,"143":1,"147":15,"151":1,"155":1,"159":4,"164":0,"168":1,"172":2,"176":14,"180":0},"path":"/home/sachan/Documents/Projects/Blockchain_Projects/Smart-Lottery/contracts/Lottery.sol","s":{"1":3,"2":3,"3":3,"4":3,"5":3,"6":3,"7":3,"8":3,"9":15,"10":14,"11":13,"12":13,"13":10,"14":10,"15":10,"16":10,"17":10,"18":6,"19":6,"20":5,"21":5,"22":5,"23":1,"24":1,"25":1,"26":1,"27":1,"28":1,"29":1,"30":1,"31":1,"32":15,"33":1,"34":1,"35":4,"36":0,"37":1,"38":2,"39":14,"40":0},"b":{"1":[1,14],"2":[1,13],"3":[1,5],"4":[0,1]},"f":{"1":3,"2":15,"3":10,"4":6,"5":1,"6":15,"7":1,"8":1,"9":4,"10":0,"11":1,"12":2,"13":14,"14":0},"fnMap":{"1":{"name":"constructor","line":60,"loc":{"start":{"line":53,"column":4},"end":{"line":69,"column":4}}},"2":{"name":"enterLottery","line":71,"loc":{"start":{"line":71,"column":4},"end":{"line":76,"column":4}}},"3":{"name":"checkUpkeep","line":87,"loc":{"start":{"line":87,"column":4},"end":{"line":103,"column":4}}},"4":{"name":"performUpkeep","line":106,"loc":{"start":{"line":106,"column":4},"end":{"line":128,"column":4}}},"5":{"name":"fulfillRandomWords","line":130,"loc":{"start":{"line":130,"column":4},"end":{"line":144,"column":4}}},"6":{"name":"getEntranceFee","line":146,"loc":{"start":{"line":146,"column":4},"end":{"line":148,"column":4}}},"7":{"name":"getPlayer","line":150,"loc":{"start":{"line":150,"column":4},"end":{"line":152,"column":4}}},"8":{"name":"getRecentWinner","line":154,"loc":{"start":{"line":154,"column":4},"end":{"line":156,"column":4}}},"9":{"name":"getLotteryState","line":158,"loc":{"start":{"line":158,"column":4},"end":{"line":160,"column":4}}},"10":{"name":"getNumWords","line":163,"loc":{"start":{"line":163,"column":4},"end":{"line":165,"column":4}}},"11":{"name":"getNumberOfPlayers","line":167,"loc":{"start":{"line":167,"column":4},"end":{"line":169,"column":4}}},"12":{"name":"getLatestTimeStamp","line":171,"loc":{"start":{"line":171,"column":4},"end":{"line":173,"column":4}}},"13":{"name":"getInterval","line":175,"loc":{"start":{"line":175,"column":4},"end":{"line":177,"column":4}}},"14":{"name":"getRequestConfirmations","line":179,"loc":{"start":{"line":179,"column":4},"end":{"line":181,"column":4}}}},"statementMap":{"1":{"start":{"line":61,"column":8},"end":{"line":61,"column":69}},"2":{"start":{"line":62,"column":8},"end":{"line":62,"column":34}},"3":{"start":{"line":63,"column":8},"end":{"line":63,"column":26}},"4":{"start":{"line":64,"column":8},"end":{"line":64,"column":40}},"5":{"start":{"line":65,"column":8},"end":{"line":65,"column":44}},"6":{"start":{"line":66,"column":8},"end":{"line":66,"column":28}},"7":{"start":{"line":67,"column":8},"end":{"line":67,"column":41}},"8":{"start":{"line":68,"column":8},"end":{"line":68,"column":40}},"9":{"start":{"line":72,"column":8},"end":{"line":72,"column":74}},"10":{"start":{"line":73,"column":8},"end":{"line":73,"column":69}},"11":{"start":{"line":74,"column":8},"end":{"line":74,"column":42}},"12":{"start":{"line":75,"column":8},"end":{"line":75,"column":37}},"13":{"start":{"line":98,"column":8},"end":{"line":98,"column":59}},"14":{"start":{"line":99,"column":8},"end":{"line":99,"column":76}},"15":{"start":{"line":100,"column":8},"end":{"line":100,"column":48}},"16":{"start":{"line":101,"column":8},"end":{"line":101,"column":53}},"17":{"start":{"line":102,"column":8},"end":{"line":102,"column":72}},"18":{"start":{"line":109,"column":8},"end":{"line":109,"column":47}},"19":{"start":{"line":110,"column":8},"end":{"line":110,"column":3818}},"20":{"start":{"line":116,"column":8},"end":{"line":116,"column":48}},"21":{"start":{"line":119,"column":8},"end":{"line":119,"column":4123}},"22":{"start":{"line":127,"column":8},"end":{"line":127,"column":46}},"23":{"start":{"line":134,"column":8},"end":{"line":134,"column":65}},"24":{"start":{"line":135,"column":8},"end":{"line":135,"column":63}},"25":{"start":{"line":136,"column":8},"end":{"line":136,"column":36}},"26":{"start":{"line":137,"column":8},"end":{"line":137,"column":43}},"27":{"start":{"line":138,"column":8},"end":{"line":138,"column":40}},"28":{"start":{"line":139,"column":8},"end":{"line":139,"column":41}},"29":{"start":{"line":141,"column":8},"end":{"line":141,"column":78}},"30":{"start":{"line":142,"column":8},"end":{"line":142,"column":54}},"31":{"start":{"line":143,"column":8},"end":{"line":143,"column":39}},"32":{"start":{"line":147,"column":8},"end":{"line":147,"column":28}},"33":{"start":{"line":151,"column":8},"end":{"line":151,"column":31}},"34":{"start":{"line":155,"column":8},"end":{"line":155,"column":29}},"35":{"start":{"line":159,"column":8},"end":{"line":159,"column":29}},"36":{"start":{"line":164,"column":8},"end":{"line":164,"column":24}},"37":{"start":{"line":168,"column":8},"end":{"line":168,"column":31}},"38":{"start":{"line":172,"column":8},"end":{"line":172,"column":30}},"39":{"start":{"line":176,"column":8},"end":{"line":176,"column":25}},"40":{"start":{"line":180,"column":8},"end":{"line":180,"column":36}}},"branchMap":{"1":{"line":72,"type":"if","locations":[{"start":{"line":72,"column":8},"end":{"line":72,"column":8}},{"start":{"line":72,"column":8},"end":{"line":72,"column":8}}]},"2":{"line":73,"type":"if","locations":[{"start":{"line":73,"column":8},"end":{"line":73,"column":8}},{"start":{"line":73,"column":8},"end":{"line":73,"column":8}}]},"3":{"line":110,"type":"if","locations":[{"start":{"line":110,"column":8},"end":{"line":110,"column":8}},{"start":{"line":110,"column":8},"end":{"line":110,"column":8}}]},"4":{"line":142,"type":"if","locations":[{"start":{"line":142,"column":8},"end":{"line":142,"column":8}},{"start":{"line":142,"column":8},"end":{"line":142,"column":8}}]}}},"contracts/test/VRFCoordinatorV2Mock.sol":{"l":{},"path":"/home/sachan/Documents/Projects/Blockchain_Projects/Smart-Lottery/contracts/test/VRFCoordinatorV2Mock.sol","s":{},"b":{},"f":{},"fnMap":{},"statementMap":{},"branchMap":{}}}