TN:
SF:/home/sachan/Documents/Projects/Blockchain_Projects/Smart-Lottery/contracts/Lottery.sol
FN:60,constructor
FN:71,enterLottery
FN:87,checkUpkeep
FN:106,performUpkeep
FN:130,fulfillRandomWords
FN:146,getEntranceFee
FN:150,getPlayer
FN:154,getRecentWinner
FN:158,getLotteryState
FN:163,getNumWords
FN:167,getNumberOfPlayers
FN:171,getLatestTimeStamp
FN:175,getInterval
FN:179,getRequestConfirmations
FNF:14
FNH:12
FNDA:3,constructor
FNDA:15,enterLottery
FNDA:10,checkUpkeep
FNDA:6,performUpkeep
FNDA:1,fulfillRandomWords
FNDA:15,getEntranceFee
FNDA:1,getPlayer
FNDA:1,getRecentWinner
FNDA:4,getLotteryState
FNDA:0,getNumWords
FNDA:1,getNumberOfPlayers
FNDA:2,getLatestTimeStamp
FNDA:14,getInterval
FNDA:0,getRequestConfirmations
DA:61,3
DA:62,3
DA:63,3
DA:64,3
DA:65,3
DA:66,3
DA:67,3
DA:68,3
DA:72,15
DA:73,14
DA:74,13
DA:75,13
DA:98,10
DA:99,10
DA:100,10
DA:101,10
DA:102,10
DA:109,6
DA:110,6
DA:111,1
DA:116,5
DA:119,5
DA:127,5
DA:134,1
DA:135,1
DA:136,1
DA:137,1
DA:138,1
DA:139,1
DA:141,1
DA:142,1
DA:143,1
DA:147,15
DA:151,1
DA:155,1
DA:159,4
DA:164,0
DA:168,1
DA:172,2
DA:176,14
DA:180,0
LF:41
LH:39
BRDA:72,1,0,1
BRDA:72,1,1,14
BRDA:73,2,0,1
BRDA:73,2,1,13
BRDA:110,3,0,1
BRDA:110,3,1,5
BRDA:142,4,0,0
BRDA:142,4,1,1
BRF:8
BRH:7
end_of_record
TN:
SF:/home/sachan/Documents/Projects/Blockchain_Projects/Smart-Lottery/contracts/test/VRFCoordinatorV2Mock.sol
FNF:0
FNH:0
LF:0
LH:0
BRF:0
BRH:0
end_of_record
